2026-06-09 08:53:48,822 [INFO] ==================================================
2026-06-09 08:53:48,826 [INFO] 🚀 MQTT → Obsidian Bridge 啟動
2026-06-09 08:53:48,826 [INFO]    Broker: ssh root@187.127.96.73:1883
2026-06-09 08:53:48,827 [INFO]    Inbox:  C:\Users\kaisu\OneDrive\AINotes\tasks\inbox
2026-06-09 08:53:48,827 [INFO]    Outbox: C:\Users\kaisu\OneDrive\AINotes\tasks\hermes-outbox
2026-06-09 08:53:48,827 [INFO] ==================================================
2026-06-09 08:53:48,862 [ERROR] ❌ 無法連線 ssh root@187.127.96.73:1883 - [Errno 11003] getaddrinfo failed
2026-06-09 08:53:48,863 [ERROR]    請確認 MQTT_BROKER 環境變數或修改腳本內的設定
2026-06-09 08:59:43,283 [INFO] ==================================================
2026-06-09 08:59:43,284 [INFO] 🚀 MQTT → Obsidian Bridge 啟動
2026-06-09 08:59:43,284 [INFO]    Broker: 187.127.96.73:1883
2026-06-09 08:59:43,284 [INFO]    Inbox:  C:\Users\kaisu\OneDrive\AINotes\tasks\inbox
2026-06-09 08:59:43,284 [INFO]    Outbox: C:\Users\kaisu\OneDrive\AINotes\tasks\hermes-outbox
2026-06-09 08:59:43,286 [INFO] ==================================================
2026-06-09 08:59:43,411 [INFO] 👀 監控 hermes-outbox: C:\Users\kaisu\OneDrive\AINotes\tasks\hermes-outbox
2026-06-09 08:59:43,458 [INFO] ✅ 已連線 MQTT Broker (187.127.96.73:1883)
2026-06-09 08:59:43,459 [INFO] 📡 已訂閱: proma/inbox, hermes/exec
2026-06-09 09:20:29,636 [WARNING] ⚠️ 無效 JSON: b'\xe9\x80\x99\xe6\x98\xaf\xe4\xb8\x80\xe6\xa2\x9d\xe4\xbe\x86\xe8\x87\xaa\xe6\x89\x8b\xe6\xa9\x9f\xe7\x9a\x84\xe6\xb8\xac\xe8\xa9\xa6\xe4\xbb\xbb\xe5\x8b\x99\xef\xbc\x81'
2026-06-09 09:23:50,495 [INFO] 📩 收到 MQTT [proma/inbox]: (無標題)
2026-06-09 09:23:50,567 [INFO] ✅ 新任務寫入: C:\Users\kaisu\OneDrive\AINotes\tasks\inbox\20260609-task-20260609-092350.md
2026-06-09 09:37:43,354 [INFO] 🛑 正在關閉...
2026-06-09 09:37:56,791 [INFO] ==================================================
2026-06-09 09:37:56,791 [INFO] 🚀 MQTT → Obsidian Bridge 啟動
2026-06-09 09:37:56,792 [INFO]    Broker: 187.127.96.73:1883
2026-06-09 09:37:56,792 [INFO]    Inbox:  C:\Users\kaisu\OneDrive\AINotes\tasks\inbox
2026-06-09 09:37:56,792 [INFO]    Outbox: C:\Users\kaisu\OneDrive\AINotes\tasks\hermes-outbox
2026-06-09 09:37:56,793 [INFO] ==================================================
2026-06-09 09:37:56,863 [INFO] 👀 監控 hermes-outbox: C:\Users\kaisu\OneDrive\AINotes\tasks\hermes-outbox
2026-06-09 09:37:56,965 [INFO] ✅ 已連線 MQTT Broker (187.127.96.73:1883)
2026-06-09 09:37:56,966 [INFO] 📡 已訂閱: proma/inbox, hermes/exec
2026-06-09 09:39:05,113 [INFO] 📩 收到 MQTT [proma/inbox]: (無標題)
2026-06-09 09:39:05,125 [INFO] ✅ 新任務寫入: C:\Users\kaisu\OneDrive\AINotes\tasks\inbox\20260609-這是一條全新的測試任務_看看_Obsid.md
2026-06-09 10:27:31,127 [INFO] ==================================================
2026-06-09 10:27:31,128 [INFO] 🚀 MQTT → Obsidian Bridge 啟動
2026-06-09 10:27:31,128 [INFO]    Broker: 187.127.96.73:1883
2026-06-09 10:27:31,128 [INFO]    Inbox:  C:\Users\kaisu\OneDrive\AINotes\tasks\inbox
2026-06-09 10:27:31,129 [INFO]    Outbox: C:\Users\kaisu\OneDrive\AINotes\tasks\hermes-outbox
2026-06-09 10:27:31,129 [INFO] ==================================================
2026-06-09 10:27:31,293 [INFO] 👀 開始定時掃描 hermes-outbox: C:\Users\kaisu\OneDrive\AINotes\tasks\hermes-outbox
2026-06-09 10:27:31,295 [INFO] 發現待回報檔案: 20260609-response-empty-task.md
2026-06-09 10:27:31,297 [INFO] 📤 結果發送回 MQTT: 20260609-response-empty-task.md
2026-06-09 10:27:31,306 [INFO] 📁 移至 done: C:\Users\kaisu\OneDrive\AINotes\tasks\done\20260609-response-empty-task.md
2026-06-09 10:27:31,310 [INFO] 發現待回報檔案: 20260609-response-test-task-1.md
2026-06-09 10:27:31,313 [INFO] 📤 結果發送回 MQTT: 20260609-response-test-task-1.md
2026-06-09 10:27:31,319 [INFO] 📁 移至 done: C:\Users\kaisu\OneDrive\AINotes\tasks\done\20260609-response-test-task-1.md
2026-06-09 10:27:31,338 [INFO] ✅ 已連線 MQTT Broker (187.127.96.73:1883)
2026-06-09 10:27:31,341 [INFO] 📡 已訂閱: proma/inbox, hermes/exec
2026-06-09 19:45:05,343 [INFO] ==================================================
2026-06-09 19:45:05,344 [INFO] 🚀 MQTT → Obsidian Bridge 啟動
2026-06-09 19:45:05,345 [INFO]    Broker: 187.127.96.73:1883
2026-06-09 19:45:05,345 [INFO]    Inbox:  C:\Users\kaisu\OneDrive\AINotes\tasks\inbox
2026-06-09 19:45:05,346 [INFO]    Outbox: C:\Users\kaisu\OneDrive\AINotes\tasks\hermes-outbox
2026-06-09 19:45:05,346 [INFO] ==================================================
2026-06-09 19:45:05,421 [INFO] 👀 開始定時掃描 hermes-outbox: C:\Users\kaisu\OneDrive\AINotes\tasks\hermes-outbox
2026-06-09 19:45:05,460 [INFO] ✅ 已連線 MQTT Broker (187.127.96.73:1883)
2026-06-09 19:45:05,461 [INFO] 📡 已訂閱: proma/inbox, hermes/exec
2026-06-09 19:48:51,150 [INFO] 📩 收到 MQTT [proma/inbox]: (無標題)
2026-06-09 19:48:51,165 [INFO] ✅ 新任務寫入: C:\Users\kaisu\OneDrive\AINotes\tasks\inbox\20260609-請幫我構思如何將_Obsidian_分發.md
2026-06-09 19:51:59,953 [INFO] 發現待回報檔案: 20260609-response-polling方案.md
2026-06-09 19:51:59,983 [INFO] 📤 結果發送回 MQTT: 20260609-response-polling方案.md
2026-06-09 19:51:59,996 [INFO] 📁 移至 done: C:\Users\kaisu\OneDrive\AINotes\tasks\done\20260609-response-polling方案.md
2026-06-09 20:53:36,059 [INFO] 發現待回報檔案: 20260609-response-polling-v2.md
2026-06-09 20:53:36,219 [INFO] 📤 結果發送回 MQTT: 20260609-response-polling-v2.md
2026-06-09 20:53:36,243 [INFO] 📁 移至 done: C:\Users\kaisu\OneDrive\AINotes\tasks\done\20260609-response-polling-v2.md
